#
# A fatal error has been detected by the Java Runtime Environment:
#
#  EXCEPTION_ACCESS_VIOLATION (0xc0000005) at pc=0x0000000058dc743b, pid=8736, tid=0x000000000000336c
#
# JRE version: OpenJDK Runtime Environment (8.0_152-b06) (build 1.8.0_152-release-1136-b06)
# Java VM: OpenJDK 64-Bit Server VM (25.152-b06 mixed mode windows-amd64 compressed oops)
# Problematic frame:
# V  [jvm.dll+0x10743b]
#
# Failed to write core dump. Minidumps are not enabled by default on client versions of Windows
#
# If you would like to submit a bug report, please visit:
#   http://bugreport.java.com/bugreport/crash.jsp
#

---------------  T H R E A D  ---------------

Current thread (0x000000001cdc9800):  JavaThread "Daemon worker Thread 5" [_thread_in_vm, id=13164, stack(0x000000002bfc0000,0x000000002c0c0000)]

siginfo: ExceptionCode=0xc0000005, reading address 0x00000000010032bf

Registers:
RAX=0x000000000100322f, RBX=0x000000001e595190, RCX=0x000000001e591719, RDX=0x000000001cdc9800
RSP=0x000000002c0ba9f0, RBP=0x000000001cdc9800, RSI=0x000000001cdc9800, RDI=0x000000001b3b7160
R8 =0x0000000000000006, R9 =0x000000001b3b7160, R10=0x000000005946c7b0, R11=0x000000001c3f0600
R12=0x0000000000000000, R13=0x000000001e595158, R14=0x000000002c0baad8, R15=0x000000001cdc9800
RIP=0x0000000058dc743b, EFLAGS=0x0000000000010297

Top of Stack: (sp=0x000000002c0ba9f0)
0x000000002c0ba9f0:   0000bc68000000b6 00000000248cc030
0x000000002c0baa00:   000000001cdc9800 000000001e591320
0x000000002c0baa10:   0000000000000000 0000000058d5221f
0x000000002c0baa20:   000000001cdc9800 000000002c0baab8
0x000000002c0baa30:   0000000011770000 0000000011770000
0x000000002c0baa40:   0000000011770000 00000000028c3aeb
0x000000002c0baa50:   000000001cdc9800 000000001e595190
0x000000002c0baa60:   0000000011770000 00000000248cbfcc
0x000000002c0baa70:   00000000028c3aa2 000000002c0baa78
0x000000002c0baa80:   000000001e595158 000000002c0baad8
0x000000002c0baa90:   58000000001e59c7 0000000000000000
0x000000002c0baaa0:   000000001e595190 0000000000000000
0x000000002c0baab0:   000000002c0baac8 000000002c0bab20
0x000000002c0baac0:   00000000028b809d 00000000e2abdf30
0x000000002c0baad0:   0000000000000001 00000000e2abd6d0
0x000000002c0baae0:   000000002c0baae0 00000000248cbfcc 

Instructions: (pc=0x0000000058dc743b)
0x0000000058dc741b:   ff 48 63 17 48 8b 47 18 8d 4a 01 89 0f 48 89 1c
0x0000000058dc742b:   d0 48 8b 43 08 48 8b d5 48 8b 48 08 48 8b 41 18
0x0000000058dc743b:   4c 8b a0 90 00 00 00 49 8b cc e8 66 28 00 00 48
0x0000000058dc744b:   83 7d 08 00 48 8b f8 74 70 4c 8b 8e 28 01 00 00 


Register to memory mapping:

RAX=0x000000000100322f is an unknown value
RBX={method} {0x000000001e595198} '
[error occurred during error reporting (printing register info), id 0xc0000005]

Stack: [0x000000002bfc0000,0x000000002c0c0000],  sp=0x000000002c0ba9f0,  free space=1002k
Native frames: (J=compiled Java code, j=interpreted, Vv=VM code, C=native code)
V  [jvm.dll+0x10743b]
V  [jvm.dll+0x9221f]
C  0x00000000028c3aeb

Java frames: (J=compiled Java code, j=interpreted, Vv=VM code)

[error occurred during error reporting (printing Java stack), id 0xc0000005]


---------------  P R O C E S S  ---------------

Java Threads: ( => current thread )
  0x000000001cdd2800 JavaThread "Build operations Thread 4" [_thread_blocked, id=12516, stack(0x000000002c7c0000,0x000000002c8c0000)]
  0x000000001cdd4000 JavaThread "Build operations Thread 3" [_thread_blocked, id=5044, stack(0x000000002c6c0000,0x000000002c7c0000)]
  0x000000001cdd5800 JavaThread "Build operations Thread 2" [_thread_blocked, id=7056, stack(0x000000002c5c0000,0x000000002c6c0000)]
  0x000000001cdca000 JavaThread "Build operations" [_thread_blocked, id=4688, stack(0x000000002c4c0000,0x000000002c5c0000)]
  0x000000001cdd0000 JavaThread "Cache worker for Artifact transforms cache (C:\Users\Piero\.gradle\caches\transforms-1)" [_thread_blocked, id=1652, stack(0x000000002c3c0000,0x000000002c4c0000)]
  0x000000001cdd1000 JavaThread "Cache worker for file hash cache (B:\android\progetti_android\DolciariaApp1\.gradle\4.6\fileHashes)" [_thread_blocked, id=10520, stack(0x000000002c2c0000,0x000000002c3c0000)]
  0x000000001cdc7000 JavaThread "Stdin handler" [_thread_blocked, id=8500, stack(0x000000002c1c0000,0x000000002c2c0000)]
  0x000000001cdce000 JavaThread "Asynchronous log dispatcher for DefaultDaemonConnection: socket connection from /127.0.0.1:54441 to /127.0.0.1:51247" [_thread_blocked, id=1012, stack(0x000000002c0c0000,0x000000002c1c0000)]
=>0x000000001cdc9800 JavaThread "Daemon worker Thread 5" [_thread_in_vm, id=13164, stack(0x000000002bfc0000,0x000000002c0c0000)]
  0x000000001cdc8000 JavaThread "Cancel handler" [_thread_blocked, id=11876, stack(0x000000002bec0000,0x000000002bfc0000)]
  0x000000001cdcb800 JavaThread "Handler for socket connection from /127.0.0.1:54441 to /127.0.0.1:51247" [_thread_in_native, id=13256, stack(0x000000002bdc0000,0x000000002bec0000)]
  0x000000001cdc8800 JavaThread "Daemon Thread 5" [_thread_blocked, id=7116, stack(0x000000002bcc0000,0x000000002bdc0000)]
  0x000000001cdcb000 JavaThread "pool-1-thread-1" [_thread_blocked, id=4444, stack(0x0000000022880000,0x0000000022980000)]
  0x000000001b095800 JavaThread "Memory manager" [_thread_blocked, id=12468, stack(0x0000000021540000,0x0000000021640000)]
  0x0000000019498000 JavaThread "File lock request listener" [_thread_in_native, id=13972, stack(0x000000001ad00000,0x000000001ae00000)]
  0x0000000019497000 JavaThread "Cache worker for file hash cache (C:\Users\Piero\.gradle\caches\4.6\fileHashes)" [_thread_blocked, id=14132, stack(0x000000001ac00000,0x000000001ad00000)]
  0x0000000019388800 JavaThread "Daemon periodic checks" [_thread_blocked, id=10516, stack(0x000000001a100000,0x000000001a200000)]
  0x0000000019384800 JavaThread "Incoming local TCP Connector on port 54441" [_thread_in_native, id=14244, stack(0x0000000019ea0000,0x0000000019fa0000)]
  0x0000000017bb1800 JavaThread "Service Thread" daemon [_thread_blocked, id=9408, stack(0x0000000017f90000,0x0000000018090000)]
  0x0000000016228800 JavaThread "C1 CompilerThread2" daemon [_thread_blocked, id=8332, stack(0x0000000017a90000,0x0000000017b90000)]
  0x000000001621d000 JavaThread "C2 CompilerThread1" daemon [_thread_blocked, id=12072, stack(0x0000000017990000,0x0000000017a90000)]
  0x0000000016227800 JavaThread "C2 CompilerThread0" daemon [_thread_blocked, id=9236, stack(0x0000000017890000,0x0000000017990000)]
  0x0000000016226000 JavaThread "Attach Listener" daemon [_thread_blocked, id=13604, stack(0x0000000017790000,0x0000000017890000)]
  0x0000000016224800 JavaThread "Signal Dispatcher" daemon [_thread_blocked, id=5884, stack(0x0000000017690000,0x0000000017790000)]
  0x00000000028ac800 JavaThread "Finalizer" daemon [_thread_blocked, id=13740, stack(0x0000000017480000,0x0000000017580000)]
  0x00000000028a1000 JavaThread "Reference Handler" daemon [_thread_blocked, id=1192, stack(0x0000000017380000,0x0000000017480000)]
  0x0000000000e7e800 JavaThread "main" [_thread_blocked, id=7136, stack(0x0000000002670000,0x0000000002770000)]

Other Threads:
  0x00000000161e4800 VMThread [stack: 0x0000000017280000,0x0000000017380000] [id=13212]
  0x000000001627c000 WatcherThread [stack: 0x0000000018090000,0x0000000018190000] [id=9276]

VM state:not at safepoint (normal execution)

VM Mutex/Monitor currently owned by a thread: None

Heap:
 PSYoungGen      total 154112K, used 60662K [0x00000000e0000000, 0x00000000ec100000, 0x0000000100000000)
  eden space 135168K, 32% used [0x00000000e0000000,0x00000000e2ac4578,0x00000000e8400000)
  from space 18944K, 89% used [0x00000000eae80000,0x00000000ebef92a8,0x00000000ec100000)
  to   space 31232K, 0% used [0x00000000e8400000,0x00000000e8400000,0x00000000ea280000)
 ParOldGen       total 157184K, used 48593K [0x00000000a0000000, 0x00000000a9980000, 0x00000000e0000000)
  object space 157184K, 30% used [0x00000000a0000000,0x00000000a2f747e8,0x00000000a9980000)
 Metaspace       used 86384K, capacity 90246K, committed 90368K, reserved 1128448K
  class space    used 11218K, capacity 12017K, committed 12032K, reserved 1048576K

Card table byte_map: [0x0000000011c70000,0x0000000011f80000] byte_map_base: 0x0000000011770000

Marking Bits: (ParMarkBitMap*) 0x0000000059485aa0
 Begin Bits: [0x0000000012580000, 0x0000000013d80000)
 End Bits:   [0x0000000013d80000, 0x0000000015580000)

Polling page: 0x00000000008d0000

CodeCache: size=245760Kb used=41526Kb max_used=41526Kb free=204233Kb
 bounds [0x00000000028b0000, 0x0000000005180000, 0x00000000118b0000]
 total_blobs=13715 nmethods=12833 adapters=793
 compilation: enabled

Compilation events (10 events):
Event: 12860.757 Thread 0x0000000016228800 15607       3       org.codehaus.groovy.ast.MethodNode::isStatic (16 bytes)
Event: 12860.758 Thread 0x0000000016228800 nmethod 15607 0x0000000005174c10 code [0x0000000005174d60, 0x0000000005174f10]
Event: 12860.758 Thread 0x0000000016228800 15606       3       org.codehaus.groovy.ast.ClassHelper::makeWithoutCaching (20 bytes)
Event: 12860.758 Thread 0x0000000016228800 nmethod 15606 0x0000000005174f90 code [0x0000000005175100, 0x0000000005175368]
Event: 12860.758 Thread 0x0000000016228800 15602       3       java.lang.reflect.Method::getDefaultValue (81 bytes)
Event: 12860.759 Thread 0x0000000016228800 nmethod 15602 0x0000000005175490 code [0x0000000005175740, 0x0000000005176ae8]
Event: 12860.759 Thread 0x0000000016228800 15604       1       sun.reflect.generics.tree.ArrayTypeSignature::getComponentType (5 bytes)
Event: 12860.759 Thread 0x0000000016228800 nmethod 15604 0x0000000005177490 code [0x00000000051775e0, 0x00000000051776f0]
Event: 12860.759 Thread 0x0000000016228800 15608       1       org.codehaus.groovy.ast.ClassNode::getUnresolvedName (5 bytes)
Event: 12860.759 Thread 0x0000000016228800 nmethod 15608 0x0000000005177750 code [0x00000000051778a0, 0x00000000051779b0]

GC Heap History (10 events):
Event: 3193.036 GC heap before
{Heap before GC invocations=23 (full 3):
 PSYoungGen      total 153088K, used 133824K [0x00000000e0000000, 0x00000000ec500000, 0x0000000100000000)
  eden space 125952K, 100% used [0x00000000e0000000,0x00000000e7b00000,0x00000000e7b00000)
  from space 27136K, 29% used [0x00000000e7b00000,0x00000000e82b02d0,0x00000000e9580000)
  to   space 26112K, 0% used [0x00000000eab80000,0x00000000eab80000,0x00000000ec500000)
 ParOldGen       total 157184K, used 44996K [0x00000000a0000000, 0x00000000a9980000, 0x00000000e0000000)
  object space 157184K, 28% used [0x00000000a0000000,0x00000000a2bf1220,0x00000000a9980000)
 Metaspace       used 66028K, capacity 68586K, committed 68864K, reserved 1107968K
  class space    used 8741K, capacity 9353K, committed 9472K, reserved 1048576K
Event: 3193.048 GC heap after
Heap after GC invocations=23 (full 3):
 PSYoungGen      total 167424K, used 11754K [0x00000000e0000000, 0x00000000ec000000, 0x0000000100000000)
  eden space 146432K, 0% used [0x00000000e0000000,0x00000000e0000000,0x00000000e8f00000)
  from space 20992K, 55% used [0x00000000eab80000,0x00000000eb6fab40,0x00000000ec000000)
  to   space 25088K, 0% used [0x00000000e8f00000,0x00000000e8f00000,0x00000000ea780000)
 ParOldGen       total 157184K, used 45004K [0x00000000a0000000, 0x00000000a9980000, 0x00000000e0000000)
  object space 157184K, 28% used [0x00000000a0000000,0x00000000a2bf3220,0x00000000a9980000)
 Metaspace       used 66028K, capacity 68586K, committed 68864K, reserved 1107968K
  class space    used 8741K, capacity 9353K, committed 9472K, reserved 1048576K
}
Event: 3196.256 GC heap before
{Heap before GC invocations=24 (full 3):
 PSYoungGen      total 167424K, used 158186K [0x00000000e0000000, 0x00000000ec000000, 0x0000000100000000)
  eden space 146432K, 100% used [0x00000000e0000000,0x00000000e8f00000,0x00000000e8f00000)
  from space 20992K, 55% used [0x00000000eab80000,0x00000000eb6fab40,0x00000000ec000000)
  to   space 25088K, 0% used [0x00000000e8f00000,0x00000000e8f00000,0x00000000ea780000)
 ParOldGen       total 157184K, used 45004K [0x00000000a0000000, 0x00000000a9980000, 0x00000000e0000000)
  object space 157184K, 28% used [0x00000000a0000000,0x00000000a2bf3220,0x00000000a9980000)
 Metaspace       used 79586K, capacity 82788K, committed 82944K, reserved 1120256K
  class space    used 10516K, capacity 11228K, committed 11264K, reserved 1048576K
Event: 3196.281 GC heap after
Heap after GC invocations=24 (full 3):
 PSYoungGen      total 171520K, used 25085K [0x00000000e0000000, 0x00000000edf80000, 0x0000000100000000)
  eden space 146432K, 0% used [0x00000000e0000000,0x00000000e0000000,0x00000000e8f00000)
  from space 25088K, 99% used [0x00000000e8f00000,0x00000000ea77f708,0x00000000ea780000)
  to   space 30208K, 0% used [0x00000000ec200000,0x00000000ec200000,0x00000000edf80000)
 ParOldGen       total 157184K, used 48569K [0x00000000a0000000, 0x00000000a9980000, 0x00000000e0000000)
  object space 157184K, 30% used [0x00000000a0000000,0x00000000a2f6e7e8,0x00000000a9980000)
 Metaspace       used 79586K, capacity 82788K, committed 82944K, reserved 1120256K
  class space    used 10516K, capacity 11228K, committed 11264K, reserved 1048576K
}
Event: 4082.981 GC heap before
{Heap before GC invocations=25 (full 3):
 PSYoungGen      total 171520K, used 171517K [0x00000000e0000000, 0x00000000edf80000, 0x0000000100000000)
  eden space 146432K, 100% used [0x00000000e0000000,0x00000000e8f00000,0x00000000e8f00000)
  from space 25088K, 99% used [0x00000000e8f00000,0x00000000ea77f708,0x00000000ea780000)
  to   space 30208K, 0% used [0x00000000ec200000,0x00000000ec200000,0x00000000edf80000)
 ParOldGen       total 157184K, used 48569K [0x00000000a0000000, 0x00000000a9980000, 0x00000000e0000000)
  object space 157184K, 30% used [0x00000000a0000000,0x00000000a2f6e7e8,0x00000000a9980000)
 Metaspace       used 82586K, capacity 86292K, committed 86528K, reserved 1124352K
  class space    used 10903K, capacity 11676K, committed 11776K, reserved 1048576K
Event: 4083.003 GC heap after
Heap after GC invocations=25 (full 3):
 PSYoungGen      total 165376K, used 22824K [0x00000000e0000000, 0x00000000ed880000, 0x0000000100000000)
  eden space 142336K, 0% used [0x00000000e0000000,0x00000000e0000000,0x00000000e8b00000)
  from space 23040K, 99% used [0x00000000ec200000,0x00000000ed84a380,0x00000000ed880000)
  to   space 31744K, 0% used [0x00000000e9a80000,0x00000000e9a80000,0x00000000eb980000)
 ParOldGen       total 157184K, used 48577K [0x00000000a0000000, 0x00000000a9980000, 0x00000000e0000000)
  object space 157184K, 30% used [0x00000000a0000000,0x00000000a2f707e8,0x00000000a9980000)
 Metaspace       used 82586K, capacity 86292K, committed 86528K, reserved 1124352K
  class space    used 10903K, capacity 11676K, committed 11776K, reserved 1048576K
}
Event: 4231.241 GC heap before
{Heap before GC invocations=26 (full 3):
 PSYoungGen      total 165376K, used 165160K [0x00000000e0000000, 0x00000000ed880000, 0x0000000100000000)
  eden space 142336K, 100% used [0x00000000e0000000,0x00000000e8b00000,0x00000000e8b00000)
  from space 23040K, 99% used [0x00000000ec200000,0x00000000ed84a380,0x00000000ed880000)
  to   space 31744K, 0% used [0x00000000e9a80000,0x00000000e9a80000,0x00000000eb980000)
 ParOldGen       total 157184K, used 48577K [0x00000000a0000000, 0x00000000a9980000, 0x00000000e0000000)
  object space 157184K, 30% used [0x00000000a0000000,0x00000000a2f707e8,0x00000000a9980000)
 Metaspace       used 83518K, capacity 87318K, committed 87552K, reserved 1124352K
  class space    used 10947K, capacity 11755K, committed 11776K, reserved 1048576K
Event: 4231.262 GC heap after
Heap after GC invocations=26 (full 3):
 PSYoungGen      total 159232K, used 19972K [0x00000000e0000000, 0x00000000ec680000, 0x0000000100000000)
  eden space 138752K, 0% used [0x00000000e0000000,0x00000000e0000000,0x00000000e8780000)
  from space 20480K, 97% used [0x00000000e9a80000,0x00000000eae012f8,0x00000000eae80000)
  to   space 24576K, 0% used [0x00000000eae80000,0x00000000eae80000,0x00000000ec680000)
 ParOldGen       total 157184K, used 48585K [0x00000000a0000000, 0x00000000a9980000, 0x00000000e0000000)
  object space 157184K, 30% used [0x00000000a0000000,0x00000000a2f727e8,0x00000000a9980000)
 Metaspace       used 83518K, capacity 87318K, committed 87552K, reserved 1124352K
  class space    used 10947K, capacity 11755K, committed 11776K, reserved 1048576K
}
Event: 10688.124 GC heap before
{Heap before GC invocations=27 (full 3):
 PSYoungGen      total 159232K, used 158724K [0x00000000e0000000, 0x00000000ec680000, 0x0000000100000000)
  eden space 138752K, 100% used [0x00000000e0000000,0x00000000e8780000,0x00000000e8780000)
  from space 20480K, 97% used [0x00000000e9a80000,0x00000000eae012f8,0x00000000eae80000)
  to   space 24576K, 0% used [0x00000000eae80000,0x00000000eae80000,0x00000000ec680000)
 ParOldGen       total 157184K, used 48585K [0x00000000a0000000, 0x00000000a9980000, 0x00000000e0000000)
  object space 157184K, 30% used [0x00000000a0000000,0x00000000a2f727e8,0x00000000a9980000)
 Metaspace       used 83833K, capacity 87674K, committed 87808K, reserved 1126400K
  class space    used 10950K, capacity 11759K, committed 11776K, reserved 1048576K
Event: 10688.173 GC heap after
Heap after GC invocations=27 (full 3):
 PSYoungGen      total 154112K, used 16868K [0x00000000e0000000, 0x00000000ec100000, 0x0000000100000000)
  eden space 135168K, 0% used [0x00000000e0000000,0x00000000e0000000,0x00000000e8400000)
  from space 18944K, 89% used [0x00000000eae80000,0x00000000ebef92a8,0x00000000ec100000)
  to   space 31232K, 0% used [0x00000000e8400000,0x00000000e8400000,0x00000000ea280000)
 ParOldGen       total 157184K, used 48593K [0x00000000a0000000, 0x00000000a9980000, 0x00000000e0000000)
  object space 157184K, 30% used [0x00000000a0000000,0x00000000a2f747e8,0x00000000a9980000)
 Metaspace       used 83833K, capacity 87674K, committed 87808K, reserved 1126400K
  class space    used 10950K, capacity 11759K, committed 11776K, reserved 1048576K
}

Deoptimization events (10 events):
Event: 12860.427 Thread 0x000000001cdc9800 Uncommon trap: reason=predicate action=maybe_recompile pc=0x000000000513c478 method=sun.util.calendar.ZoneInfo.getTransitionIndex(JI)I @ 19
Event: 12860.427 Thread 0x000000001cdc9800 Uncommon trap: reason=unstable_if action=reinterpret pc=0x000000000307b638 method=java.util.GregorianCalendar.computeFields(II)I @ 223
Event: 12860.568 Thread 0x000000001cdc9800 Uncommon trap: reason=bimorphic action=maybe_recompile pc=0x0000000003de5f0c method=java.util.Hashtable.put(Ljava/lang/Object;Ljava/lang/Object;)Ljava/lang/Object; @ 18
Event: 12860.568 Thread 0x000000001cdc9800 Uncommon trap: reason=bimorphic action=maybe_recompile pc=0x0000000003de5f0c method=java.util.Hashtable.put(Ljava/lang/Object;Ljava/lang/Object;)Ljava/lang/Object; @ 18
Event: 12860.568 Thread 0x000000001cdc9800 Uncommon trap: reason=bimorphic action=maybe_recompile pc=0x0000000003de5f0c method=java.util.Hashtable.put(Ljava/lang/Object;Ljava/lang/Object;)Ljava/lang/Object; @ 18
Event: 12860.568 Thread 0x000000001cdc9800 Uncommon trap: reason=bimorphic action=maybe_recompile pc=0x0000000003de5f0c method=java.util.Hashtable.put(Ljava/lang/Object;Ljava/lang/Object;)Ljava/lang/Object; @ 18
Event: 12860.591 Thread 0x000000001cdc9800 Uncommon trap: reason=bimorphic action=maybe_recompile pc=0x0000000003796d38 method=java.util.Hashtable.get(Ljava/lang/Object;)Ljava/lang/Object; @ 6
Event: 12860.591 Thread 0x000000001cdc9800 Uncommon trap: reason=bimorphic action=maybe_recompile pc=0x0000000003796d38 method=java.util.Hashtable.get(Ljava/lang/Object;)Ljava/lang/Object; @ 6
Event: 12860.592 Thread 0x000000001cdc9800 Uncommon trap: reason=bimorphic action=maybe_recompile pc=0x0000000003796d38 method=java.util.Hashtable.get(Ljava/lang/Object;)Ljava/lang/Object; @ 6
Event: 12860.593 Thread 0x000000001cdc9800 Uncommon trap: reason=bimorphic action=maybe_recompile pc=0x0000000003796d38 method=java.util.Hashtable.get(Ljava/lang/Object;)Ljava/lang/Object; @ 6

Classes redefined (0 events):
No events

Internal exceptions (10 events):
Event: 4083.177 Thread 0x000000001cdce000 Exception <a 'sun/nio/fs/WindowsException'> (0x00000000e0c42308) thrown at [D:\src\AOSP-openjdk-cygwin\jdk8u\hotspot\src\share\vm\prims\jni.cpp, line 709]
Event: 4083.230 Thread 0x000000001cdc8800 Exception <a 'sun/nio/fs/WindowsException'> (0x00000000e12af540) thrown at [D:\src\AOSP-openjdk-cygwin\jdk8u\hotspot\src\share\vm\prims\jni.cpp, line 709]
Event: 4139.482 Thread 0x000000001d1fa000 Exception <a 'sun/nio/fs/WindowsException'> (0x00000000e2811cc0) thrown at [D:\src\AOSP-openjdk-cygwin\jdk8u\hotspot\src\share\vm\prims\jni.cpp, line 709]
Event: 4140.755 Thread 0x000000001cdd1000 Exception <a 'sun/nio/fs/WindowsException'> (0x00000000e6bf81d0) thrown at [D:\src\AOSP-openjdk-cygwin\jdk8u\hotspot\src\share\vm\prims\jni.cpp, line 709]
Event: 4140.780 Thread 0x000000001cdd1000 Exception <a 'sun/nio/fs/WindowsException'> (0x00000000e6d16f80) thrown at [D:\src\AOSP-openjdk-cygwin\jdk8u\hotspot\src\share\vm\prims\jni.cpp, line 709]
Event: 4231.042 Thread 0x000000001d1fa800 Exception <a 'sun/nio/fs/WindowsException'> (0x00000000e78eb018) thrown at [D:\src\AOSP-openjdk-cygwin\jdk8u\hotspot\src\share\vm\prims\jni.cpp, line 709]
Event: 4232.020 Thread 0x000000001cdce000 Exception <a 'sun/nio/fs/WindowsException'> (0x00000000e3572798) thrown at [D:\src\AOSP-openjdk-cygwin\jdk8u\hotspot\src\share\vm\prims\jni.cpp, line 709]
Event: 4232.081 Thread 0x000000001cdce000 Exception <a 'sun/nio/fs/WindowsException'> (0x00000000e408c978) thrown at [D:\src\AOSP-openjdk-cygwin\jdk8u\hotspot\src\share\vm\prims\jni.cpp, line 709]
Event: 4232.178 Thread 0x000000001cdce800 Exception <a 'sun/nio/fs/WindowsException'> (0x00000000e44fba40) thrown at [D:\src\AOSP-openjdk-cygwin\jdk8u\hotspot\src\share\vm\prims\jni.cpp, line 709]
Event: 4232.240 Thread 0x000000001cdd0000 Exception <a 'sun/nio/fs/WindowsException'> (0x00000000e4b0d5b8) thrown at [D:\src\AOSP-openjdk-cygwin\jdk8u\hotspot\src\share\vm\prims\jni.cpp, line 709]

Events (10 events):
Event: 12860.770 loading class org/codehaus/groovy/classgen/asm/OptimizingStatementWriter$OptimizeFlagsCollector
Event: 12860.770 loading class org/codehaus/groovy/classgen/asm/OptimizingStatementWriter$OptimizeFlagsCollector done
Event: 12860.771 loading class org/codehaus/groovy/classgen/asm/OptimizingStatementWriter$OptimizeFlagsCollector$OptimizeFlagsEntry
Event: 12860.771 loading class org/codehaus/groovy/classgen/asm/OptimizingStatementWriter$OptimizeFlagsCollector$OptimizeFlagsEntry done
Event: 12860.771 loading class org/codehaus/groovy/classgen/asm/OptimizingStatementWriter$StatementMeta
Event: 12860.771 loading class org/codehaus/groovy/classgen/asm/OptimizingStatementWriter$StatementMeta done
Event: 12860.772 loading class org/codehaus/groovy/classgen/asm/CompileStack$StateStackElement
Event: 12860.772 loading class org/codehaus/groovy/classgen/asm/CompileStack$StateStackElement done
Event: 12860.773 loading class org/codehaus/groovy/classgen/asm/BytecodeVariable
Event: 12860.773 loading class org/codehaus/groovy/classgen/asm/BytecodeVariable done


Dynamic libraries:
0x00007ff674df0000 - 0x00007ff674e21000 	C:\Program Files\Android\Android Studio\jre\bin\java.exe
0x00007ffb70130000 - 0x00007ffb70311000 	C:\WINDOWS\SYSTEM32\ntdll.dll
0x00007ffb6f580000 - 0x00007ffb6f632000 	C:\WINDOWS\System32\KERNEL32.DLL
0x00007ffb6c550000 - 0x00007ffb6c7c3000 	C:\WINDOWS\System32\KERNELBASE.dll
0x00007ffb6eca0000 - 0x00007ffb6ed41000 	C:\WINDOWS\System32\ADVAPI32.dll
0x00007ffb6f830000 - 0x00007ffb6f8ce000 	C:\WINDOWS\System32\msvcrt.dll
0x00007ffb6f190000 - 0x00007ffb6f1eb000 	C:\WINDOWS\System32\sechost.dll
0x00007ffb6efd0000 - 0x00007ffb6f0f4000 	C:\WINDOWS\System32\RPCRT4.dll
0x00007ffb6ff70000 - 0x00007ffb70100000 	C:\WINDOWS\System32\USER32.dll
0x00007ffb6d5a0000 - 0x00007ffb6d5c0000 	C:\WINDOWS\System32\win32u.dll
0x00007ffb6efa0000 - 0x00007ffb6efc8000 	C:\WINDOWS\System32\GDI32.dll
0x00007ffb6c8d0000 - 0x00007ffb6ca62000 	C:\WINDOWS\System32\gdi32full.dll
0x00007ffb6cb80000 - 0x00007ffb6cc1f000 	C:\WINDOWS\System32\msvcp_win.dll
0x00007ffb6c7d0000 - 0x00007ffb6c8ca000 	C:\WINDOWS\System32\ucrtbase.dll
0x00007ffb65290000 - 0x00007ffb654f9000 	C:\WINDOWS\WinSxS\amd64_microsoft.windows.common-controls_6595b64144ccf1df_6.0.17134.523_none_fb409dd930672a56\COMCTL32.dll
0x00007ffb6f1f0000 - 0x00007ffb6f512000 	C:\WINDOWS\System32\combase.dll
0x00007ffb6d520000 - 0x00007ffb6d59a000 	C:\WINDOWS\System32\bcryptPrimitives.dll
0x00007ffb6ec70000 - 0x00007ffb6ec9d000 	C:\WINDOWS\System32\IMM32.DLL
0x000000005a2f0000 - 0x000000005a3c2000 	C:\Program Files\Android\Android Studio\jre\jre\bin\msvcr100.dll
0x0000000058cc0000 - 0x0000000059501000 	C:\Program Files\Android\Android Studio\jre\jre\bin\server\jvm.dll
0x00007ffb6d620000 - 0x00007ffb6d628000 	C:\WINDOWS\System32\PSAPI.DLL
0x00007ffb676c0000 - 0x00007ffb676ca000 	C:\WINDOWS\SYSTEM32\VERSION.dll
0x00007ffb6a5e0000 - 0x00007ffb6a603000 	C:\WINDOWS\SYSTEM32\WINMM.dll
0x00007ffb68ba0000 - 0x00007ffb68ba9000 	C:\WINDOWS\SYSTEM32\WSOCK32.dll
0x00007ffb6f100000 - 0x00007ffb6f16c000 	C:\WINDOWS\System32\WS2_32.dll
0x00007ffb6a190000 - 0x00007ffb6a1ba000 	C:\WINDOWS\SYSTEM32\WINMMBASE.dll
0x00007ffb6c500000 - 0x00007ffb6c549000 	C:\WINDOWS\System32\cfgmgr32.dll
0x00007ffb6a800000 - 0x00007ffb6a80f000 	C:\Program Files\Android\Android Studio\jre\jre\bin\verify.dll
0x00007ffb664d0000 - 0x00007ffb664f9000 	C:\Program Files\Android\Android Studio\jre\jre\bin\java.dll
0x00007ffb664b0000 - 0x00007ffb664c6000 	C:\Program Files\Android\Android Studio\jre\jre\bin\zip.dll
0x00007ffb6d720000 - 0x00007ffb6eb60000 	C:\WINDOWS\System32\SHELL32.dll
0x00007ffb6f8d0000 - 0x00007ffb6f979000 	C:\WINDOWS\System32\shcore.dll
0x00007ffb6cc20000 - 0x00007ffb6d32d000 	C:\WINDOWS\System32\windows.storage.dll
0x00007ffb6f520000 - 0x00007ffb6f571000 	C:\WINDOWS\System32\shlwapi.dll
0x00007ffb6c4b0000 - 0x00007ffb6c4c1000 	C:\WINDOWS\System32\kernel.appcore.dll
0x00007ffb6c4e0000 - 0x00007ffb6c4ff000 	C:\WINDOWS\System32\profapi.dll
0x00007ffb6c440000 - 0x00007ffb6c48c000 	C:\WINDOWS\System32\powrprof.dll
0x00007ffb6c4d0000 - 0x00007ffb6c4da000 	C:\WINDOWS\System32\FLTLIB.DLL
0x00007ffb66360000 - 0x00007ffb6637a000 	C:\Program Files\Android\Android Studio\jre\jre\bin\net.dll
0x00007ffb6bcc0000 - 0x00007ffb6bd26000 	C:\WINDOWS\system32\mswsock.dll
0x00007ffb66340000 - 0x00007ffb66351000 	C:\Program Files\Android\Android Studio\jre\jre\bin\nio.dll
0x00007ffb63250000 - 0x00007ffb6326e000 	C:\Users\Piero\.gradle\native\25\windows-amd64\native-platform.dll
0x00007ffb6a7d0000 - 0x00007ffb6a7dd000 	C:\Program Files\Android\Android Studio\jre\jre\bin\management.dll
0x00007ffb6be70000 - 0x00007ffb6be87000 	C:\WINDOWS\SYSTEM32\CRYPTSP.dll
0x00007ffb6b8a0000 - 0x00007ffb6b8d3000 	C:\WINDOWS\system32\rsaenh.dll
0x00007ffb6bfa0000 - 0x00007ffb6bfc5000 	C:\WINDOWS\SYSTEM32\bcrypt.dll
0x00007ffb6c370000 - 0x00007ffb6c398000 	C:\WINDOWS\SYSTEM32\USERENV.dll
0x00007ffb6be90000 - 0x00007ffb6be9b000 	C:\WINDOWS\SYSTEM32\CRYPTBASE.dll
0x00007ffb6ba40000 - 0x00007ffb6ba78000 	C:\WINDOWS\SYSTEM32\IPHLPAPI.DLL
0x00007ffb6f7a0000 - 0x00007ffb6f7a8000 	C:\WINDOWS\System32\NSI.dll
0x00007ffb66b70000 - 0x00007ffb66b86000 	C:\WINDOWS\SYSTEM32\dhcpcsvc6.DLL
0x00007ffb66bd0000 - 0x00007ffb66bea000 	C:\WINDOWS\SYSTEM32\dhcpcsvc.DLL
0x00007ffb58930000 - 0x00007ffb58af9000 	C:\WINDOWS\SYSTEM32\dbghelp.dll

VM Arguments:
jvm_args: -Xmx1536m -Dfile.encoding=windows-1252 -Duser.country=IT -Duser.language=it -Duser.variant 
java_command: org.gradle.launcher.daemon.bootstrap.GradleDaemon 4.6
java_class_path (initial): C:\Users\Piero\.gradle\wrapper\dists\gradle-4.6-all\bcst21l2brirad8k2ben1letg\gradle-4.6\lib\gradle-launcher-4.6.jar
Launcher Type: SUN_STANDARD

Environment Variables:
PATH=C:\Windows\system32;C:\Windows;C:\Windows\System32\Wbem;C:\Windows\System32\WindowsPowerShell\v1.0\;C:\Program Files (x86)\NVIDIA Corporation\PhysX\Common;C:\WINDOWS\system32;C:\WINDOWS;C:\WINDOWS\System32\Wbem;C:\WINDOWS\System32\WindowsPowerShell\v1.0\;C:\Program Files (x86)\GtkSharp\2.12\bin;C:\WINDOWS\System32\OpenSSH\;C:\Program Files\Java\jdk1.8.0_181\bin;;C:\Program Files\NVIDIA Corporation\NVIDIA NvDLISR;C:\Users\Piero\AppData\Local\Programs\Python\Python37-32\Scripts\;C:\Users\Piero\AppData\Local\Programs\Python\Python37-32\;C:\ProgramData\Oracle\Java\javapath;C:\Windows\system32;C:\Windows;C:\Windows\System32\Wbem;C:\Windows\System32\WindowsPowerShell\v1.0\;C:\Program Files (x86)\NVIDIA Corporation\PhysX\Common;C:\WINDOWS\system32;C:\WINDOWS;C:\WINDOWS\System32\Wbem;C:\WINDOWS\System32\WindowsPowerShell\v1.0\;C:\Program Files (x86)\GtkSharp\2.12\bin;C:\Program Files\Java\jdk-9.0.1\bin;C:\Users\Piero\AppData\Local\Microsoft\WindowsApps;C:\Program Files\Java\jdk1.8.0_45\bin;C:\Users\Piero\AppData\Local\atom\bin;C:\Users\Piero\adb;C:\Users\Piero\AppData\Local\Microsoft\WindowsApps;
USERNAME=Piero
OS=Windows_NT
PROCESSOR_IDENTIFIER=Intel64 Family 6 Model 58 Stepping 9, GenuineIntel



---------------  S Y S T E M  ---------------

OS: Windows 10.0 , 64 bit Build 17134 (10.0.17134.1)

CPU:total 4 (initial active 4) (4 cores per cpu, 1 threads per core) family 6 model 58 stepping 9, cmov, cx8, fxsr, mmx, sse, sse2, sse3, ssse3, sse4.1, sse4.2, popcnt, avx, aes, clmul, erms, tsc, tscinvbit, tscinv

Memory: 4k page, physical 8337496k(1653344k free), swap 16674992k(4817788k free)

vm_info: OpenJDK 64-Bit Server VM (25.152-b06) for windows-amd64 JRE (1.8.0_152-release-1136-b06), built by "builder" with MS VC++ 10.0 (VS2010)

time: Tue Feb 05 12:38:10 2019
elapsed time: 12860 seconds (0d 3h 34m 20s)

